make all --print-data-base --no-builtin-variables --no-builtin-rules --question
make: *** No rule to make target 'all'.  Stop.

# GNU Make 4.1
# Built for x86_64-pc-linux-gnu
# Copyright (C) 1988-2014 Free Software Foundation, Inc.
# License GPLv3+: GNU GPL version 3 or later <http://gnu.org/licenses/gpl.html>
# This is free software: you are free to change and redistribute it.
# There is NO WARRANTY, to the extent permitted by law.

# Make data base, printed on Wed Jun 29 08:08:56 2022

# Variables

# 'override' directive
GNUMAKEFLAGS := 
# automatic
<D = $(patsubst %/,%,$(dir $<))
# automatic
?F = $(notdir $?)
# environment
DESKTOP_SESSION = ubuntu
# default
.SHELLFLAGS := -c
# environment
XDG_SESSION_TYPE = x11
# environment
VSCODE_LOG_NATIVE = false
# automatic
?D = $(patsubst %/,%,$(dir $?))
# automatic
@D = $(patsubst %/,%,$(dir $@))
# environment
XAUTHORITY = /run/user/1001/gdm/Xauthority
# environment
GDMSESSION = ubuntu
# environment
XMODIFIERS = @im=ibus
# makefile
CURDIR := /home/yaron/Desktop/UdemyCmake_Template-master/2_CMake/5-ConfigureFile
# makefile
SHELL = /bin/sh
# environment
VSCODE_NLS_CONFIG = {"locale":"en-us","availableLanguages":{},"_languagePackSupport":true}
# environment
_ = /usr/bin/make
# environment
XDG_CONFIG_DIRS = /etc/xdg/xdg-ubuntu:/etc/xdg
# environment
LESSOPEN = | /usr/bin/lesspipe %s
# makefile (from 'Makefile', line 1)
MAKEFILE_LIST :=  Makefile
# automatic
@F = $(notdir $@)
# environment
IM_CONFIG_PHASE = 2
# environment
USERNAME = yaron
# environment
MAKELEVEL := 0
# environment
XDG_DATA_DIRS = /usr/share/ubuntu:/usr/local/share/:/usr/share/:/var/lib/snapd/desktop
# environment
DBUS_SESSION_BUS_ADDRESS = unix:path=/run/user/1001/bus
# environment
VSCODE_VERBOSE_LOGGING = true
# environment
CLUTTER_IM_MODULE = xim
# environment
VSCODE_IPC_HOOK_EXTHOST = /run/user/1001/vscode-ipc-d4a248fa-7231-47b8-87f6-a69435a7eeef.sock
# environment
LC_NAME = mfe_MU
# environment
VSCODE_CWD = /home/yaron
# environment
XILINX_VITIS = /tools/Xilinx/Vitis/2020.1
# default
MAKE_HOST := x86_64-pc-linux-gnu
# environment
PATH = /tools/Xilinx/Vitis/2020.1/bin:/tools/Xilinx/Vitis/2020.1/gnu/microblaze/lin/bin:/tools/Xilinx/Vitis/2020.1/gnu/arm/lin/bin:/tools/Xilinx/Vitis/2020.1/gnu/microblaze/linux_toolchain/lin64_le/bin:/tools/Xilinx/Vitis/2020.1/gnu/aarch32/lin/gcc-arm-linux-gnueabi/bin:/tools/Xilinx/Vitis/2020.1/gnu/aarch32/lin/gcc-arm-none-eabi/bin:/tools/Xilinx/Vitis/2020.1/gnu/aarch64/lin/aarch64-linux/bin:/tools/Xilinx/Vitis/2020.1/gnu/aarch64/lin/aarch64-none/bin:/tools/Xilinx/Vitis/2020.1/gnu/armr5/lin/gcc-arm-none-eabi/bin:/tools/Xilinx/Vitis/2020.1/tps/lnx64/cmake-3.3.2/bin:/tools/Xilinx/Vitis/2020.1/cardano/bin:/tools/Xilinx/Vivado/2020.1/bin:/tools/Xilinx/Vitis/2020.1/bin:/tools/Xilinx/Vitis/2020.1/gnu/microblaze/lin/bin:/tools/Xilinx/Vitis/2020.1/gnu/arm/lin/bin:/tools/Xilinx/Vitis/2020.1/gnu/microblaze/linux_toolchain/lin64_le/bin:/tools/Xilinx/Vitis/2020.1/gnu/aarch32/lin/gcc-arm-linux-gnueabi/bin:/tools/Xilinx/Vitis/2020.1/gnu/aarch32/lin/gcc-arm-none-eabi/bin:/tools/Xilinx/Vitis/2020.1/gnu/aarch64/lin/aarch64-linux/bin:/tools/Xilinx/Vitis/2020.1/gnu/aarch64/lin/aarch64-none/bin:/tools/Xilinx/Vitis/2020.1/gnu/armr5/lin/gcc-arm-none-eabi/bin:/tools/Xilinx/Vitis/2020.1/tps/lnx64/cmake-3.3.2/bin:/tools/Xilinx/Vitis/2020.1/cardano/bin:/tools/Xilinx/Vivado/2020.1/bin:/usr/local/sbin:/usr/local/bin:/usr/sbin:/usr/bin:/sbin:/bin:/usr/games:/usr/local/games:/snap/bin:/home/yaron/Downloads/gcc-linaro-7.5.0-2019.12-x86_64_arm-linux-gnueabihf/bin
# environment
XILINX_VIVADO = /tools/Xilinx/Vivado/2020.1
# environment
GPG_AGENT_INFO = /run/user/1001/gnupg/S.gpg-agent:0:1
# environment
SESSION_MANAGER = local/yaron-Latitude-5410:@/tmp/.ICE-unix/2293,unix/yaron-Latitude-5410:/tmp/.ICE-unix/2293
# environment
XDG_RUNTIME_DIR = /run/user/1001
# environment
TEXTDOMAIN = im-config
# environment
XDG_MENU_PREFIX = gnome-
# environment
VSCODE_LOG_STACK = false
# environment
DESKTOP_MODE = 1
# environment
LC_NUMERIC = mfe_MU
# default
.FEATURES := target-specific order-only second-expansion else-if shortest-stem undefine oneshell archives jobserver output-sync check-symlink load
# environment
LS_COLORS = 
# environment
XDG_SESSION_DESKTOP = ubuntu
# environment
SSH_AUTH_SOCK = /run/user/1001/keyring/ssh
# environment
GIO_LAUNCHED_DESKTOP_FILE_PID = 18976
# automatic
%F = $(notdir $%)
# environment
DISPLAY = :0
# environment
GTK_IM_MODULE = ibus
# environment
VSCODE_PIPE_LOGGING = true
# environment
PWD = /home/yaron/Desktop/UdemyCmake_Template-master/2_CMake/5-ConfigureFile
# environment
XDG_SEAT = seat0
# environment
SSH_AGENT_PID = 2395
# environment
ORIGINAL_XDG_CURRENT_DESKTOP = ubuntu:GNOME
# environment
GTK_MODULES = gail:atk-bridge
# environment
VSCODE_AMD_ENTRYPOINT = vs/workbench/api/node/extensionHostProcess
# environment
HOME = /home/yaron
# environment
LESSCLOSE = /usr/bin/lesspipe %s %s
# environment
VSCODE_CODE_CACHE_PATH = /home/yaron/.config/Code/CachedData/30d9c6cd9483b2cc586687151bcbcd635f373630
# environment
LOGNAME = yaron
# environment
APPLICATION_INSIGHTS_NO_DIAGNOSTIC_CHANNEL = 1
# automatic
+F = $(notdir $+)
# environment
VSCODE_HANDLES_UNCAUGHT_ERRORS = true
# default
MAKE_VERSION := 4.1
# environment
GNOME_DESKTOP_SESSION_ID = this-is-deprecated
# automatic
^D = $(patsubst %/,%,$(dir $^))
# environment
XDG_VTNR = 2
# environment
LC_TIME = mfe_MU
# default
MAKE = $(MAKE_COMMAND)
# default
MAKECMDGOALS := all
# environment
QT_IM_MODULE = ibus
# environment
SHLVL = 2
# environment
GNOME_SHELL_SESSION_MODE = ubuntu
# environment
XDG_SESSION_ID = 5
# environment
USER = yaron
# environment
LC_MONETARY = mfe_MU
# makefile
.DEFAULT_GOAL := prepare
# environment
XDG_CURRENT_DESKTOP = Unity
# automatic
%D = $(patsubst %/,%,$(dir $%))
# environment
LC_TELEPHONE = mfe_MU
# default
MAKE_COMMAND := make
# default
.VARIABLES := 
# automatic
*F = $(notdir $*)
# environment
LANGUAGE = en_US:en
# environment
VSCODE_IPC_HOOK = /run/user/1001/vscode-dd680253-1.68.1-main.sock
# makefile
MAKEFLAGS = pqrR
# environment
MFLAGS = -pqrR
# automatic
*D = $(patsubst %/,%,$(dir $*))
# automatic
+D = $(patsubst %/,%,$(dir $+))
# environment
GDK_BACKEND = x11
# environment
LC_PAPER = mfe_MU
# environment
LC_IDENTIFICATION = mfe_MU
# environment
QT_ACCESSIBILITY = 1
# environment
TEXTDOMAINDIR = /usr/share/locale/
# default
MAKEFILES := 
# automatic
<F = $(notdir $<)
# environment
ELECTRON_RUN_AS_NODE = 1
# environment
LC_MEASUREMENT = mfe_MU
# environment
LC_ALL = C
# environment
QT4_IM_MODULE = xim
# environment
GJS_DEBUG_TOPICS = JS ERROR;JS LOG
# automatic
^F = $(notdir $^)
# default
SUFFIXES := 
# environment
CHROME_DESKTOP = code-url-handler.desktop
# environment
WINDOWPATH = 2
# default
.INCLUDE_DIRS = /usr/include /usr/local/include /usr/include
# environment
GJS_DEBUG_OUTPUT = stderr
# default
.RECIPEPREFIX := 
# environment
LC_ADDRESS = mfe_MU
# environment
GIO_LAUNCHED_DESKTOP_FILE = /usr/share/applications/code.desktop
# environment
LANG = C
# environment
VSCODE_PID = 18976
# variable set hash-table stats:
# Load=113/1024=11%, Rehash=0, Collisions=18/138=13%

# Pattern-specific Variable Values

# No pattern-specific variable values.

# Directories

# . (device 66307, inode 11540668): 9 files, no impossibilities.

# 9 files, no impossibilities in 1 directories.

# Implicit Rules

# No implicit rules.

# Files

# Not a target:
all:
#  Command line target.
#  Implicit rule search has been done.
#  File does not exist.
#  File has not been updated.

# Not a target:
Makefile:
#  Implicit rule search has been done.
#  Last modified 2022-06-27 15:14:39.460044
#  File has been updated.
#  Successfully updated.

prepare:
#  Implicit rule search has not been done.
#  Modification time never checked.
#  File has not been updated.
#  recipe to execute (from 'Makefile', line 2):
	rm -rf build
	mkdir build
	cd build
 

# Not a target:
.DEFAULT:
#  Implicit rule search has not been done.
#  Modification time never checked.
#  File has not been updated.

# files hash-table stats:
# Load=5/1024=0%, Rehash=0, Collisions=0/15=0%
# VPATH Search Paths

# No 'vpath' search paths.

# No general ('VPATH' variable) search path.

# strcache buffers: 1 (0) / strings = 15 / storage = 125 B / avg = 8 B
# current buf: size = 8162 B / used = 125 B / count = 15 / avg = 8 B

# strcache performance: lookups = 20 / hit rate = 25%
# hash-table stats:
# Load=15/8192=0%, Rehash=0, Collisions=1/20=5%
# Finished Make data base on Wed Jun 29 08:08:56 2022

 
